183>WARNING: subprocess '"git" "-c" "core.deltaBaseCacheLimit=2g" "clone" "--no-checkout" "--progress" "https://chromium.googlesource.com/vulkan-deps" "/home/nate/Oxy/Astro/chromium/src/third_party/_gclient_vulkan-deps_6hf9ewns"' in /home/nate/Oxy/Astro/chromium failed; will retry after a short nap...
184>WARNING: subprocess '"git" "-c" "core.deltaBaseCacheLimit=2g" "clone" "--no-checkout" "--progress" "https://chromium.googlesource.com/external/github.com/KhronosGroup/Vulkan-Headers" "/home/nate/Oxy/Astro/chromium/src/third_party/vulkan-headers/_gclient_src_2el23c45"' in /home/nate/Oxy/Astro/chromium failed; will retry after a short nap...
176>WARNING: subprocess '"git" "-c" "core.deltaBaseCacheLimit=2g" "fetch" "origin" "--prune" "--no-tags"' in /home/nate/Oxy/Astro/chromium/src/third_party/text-fragments-polyfill/src failed; will retry after a short nap...
185>WARNING: subprocess '"git" "-c" "core.deltaBaseCacheLimit=2g" "clone" "--no-checkout" "--progress" "https://chromium.googlesource.com/external/github.com/KhronosGroup/Vulkan-Loader" "/home/nate/Oxy/Astro/chromium/src/third_party/vulkan-loader/_gclient_src_wexgkfet"' in /home/nate/Oxy/Astro/chromium failed; will retry after a short nap...
178>WARNING: subprocess '"git" "-c" "core.deltaBaseCacheLimit=2g" "fetch" "origin" "--prune" "--no-tags"' in /home/nate/Oxy/Astro/chromium/src/third_party/ukey2/src failed; will retry after a short nap...
186>WARNING: subprocess '"git" "-c" "core.deltaBaseCacheLimit=2g" "clone" "--no-checkout" "--progress" "https://chromium.googlesource.com/external/github.com/KhronosGroup/Vulkan-Tools" "/home/nate/Oxy/Astro/chromium/src/third_party/vulkan-tools/_gclient_src_v_j4lfhx"' in /home/nate/Oxy/Astro/chromium failed; will retry after a short nap...
170>WARNING: subprocess '"git" "-c" "core.deltaBaseCacheLimit=2g" "fetch" "origin" "--prune" "--no-tags"' in /home/nate/Oxy/Astro/chromium/src/third_party/spirv-headers/src failed; will retry after a short nap...
170>WARNING: subprocess '"git" "-c" "core.deltaBaseCacheLimit=2g" "fetch" "origin" "--prune" "--no-tags"' in /home/nate/Oxy/Astro/chromium/src/third_party/spirv-headers/src failed; will retry after a short nap...
189>WARNING: subprocess '"git" "-c" "core.deltaBaseCacheLimit=2g" "clone" "--no-checkout" "--progress" "https://chromium.googlesource.com/external/github.com/GPUOpen-LibrariesAndSDKs/VulkanMemoryAllocator.git" "/home/nate/Oxy/Astro/chromium/src/third_party/_gclient_vulkan_memory_allocator_xulr_7b1"' in /home/nate/Oxy/Astro/chromium failed; will retry after a short nap...
133>WARNING: subprocess '"git" "-c" "core.deltaBaseCacheLimit=2g" "fetch" "origin" "--prune" "--no-tags"' in /home/nate/Oxy/Astro/chromium/src/third_party/llvm-libc/src failed; will retry after a short nap...
193>WARNING: subprocess '"git" "-c" "core.deltaBaseCacheLimit=2g" "clone" "--no-checkout" "--progress" "https://chromium.googlesource.com/external/anongit.freedesktop.org/git/wayland/wayland.git" "/home/nate/Oxy/Astro/chromium/src/third_party/wayland/_gclient_src_jadnx74o"' in /home/nate/Oxy/Astro/chromium failed; will retry after a short nap...
194>WARNING: subprocess '"git" "-c" "core.deltaBaseCacheLimit=2g" "clone" "--no-checkout" "--progress" "https://chromium.googlesource.com/external/github.com/SeleniumHQ/selenium/py.git" "/home/nate/Oxy/Astro/chromium/src/third_party/webdriver/_gclient_pylib_zfne72uc"' in /home/nate/Oxy/Astro/chromium failed; will retry after a short nap...
192>WARNING: subprocess '"git" "-c" "core.deltaBaseCacheLimit=2g" "fetch" "origin" "--prune" "--no-tags"' in /home/nate/Oxy/Astro/chromium/src/third_party/wayland-protocols/src failed; will retry after a short nap...
193>WARNING: subprocess '"git" "-c" "core.deltaBaseCacheLimit=2g" "clone" "--no-checkout" "--progress" "https://chromium.googlesource.com/external/anongit.freedesktop.org/git/wayland/wayland.git" "/home/nate/Oxy/Astro/chromium/src/third_party/wayland/_gclient_src_jadnx74o"' in /home/nate/Oxy/Astro/chromium failed; will retry after a short nap...
196>WARNING: subprocess '"git" "-c" "core.deltaBaseCacheLimit=2g" "clone" "--no-checkout" "--progress" "https://chromium.googlesource.com/external/github.com/gpuweb/cts.git" "/home/nate/Oxy/Astro/chromium/src/third_party/webgpu-cts/_gclient_src_blp606r4"' in /home/nate/Oxy/Astro/chromium failed; will retry after a short nap...
199>WARNING: subprocess '"git" "-c" "core.deltaBaseCacheLimit=2g" "clone" "--no-checkout" "--progress" "https://chromium.googlesource.com/external/anongit.freedesktop.org/git/wayland/weston.git" "/home/nate/Oxy/Astro/chromium/src/third_party/weston/_gclient_src_mo3piayn"' in /home/nate/Oxy/Astro/chromium failed; will retry after a short nap...
196>WARNING: subprocess '"git" "-c" "core.deltaBaseCacheLimit=2g" "clone" "--no-checkout" "--progress" "https://chromium.googlesource.com/external/github.com/gpuweb/cts.git" "/home/nate/Oxy/Astro/chromium/src/third_party/webgpu-cts/_gclient_src_blp606r4"' in /home/nate/Oxy/Astro/chromium failed; will retry after a short nap...
193>WARNING: subprocess '"git" "-c" "core.deltaBaseCacheLimit=2g" "clone" "--no-checkout" "--progress" "https://chromium.googlesource.com/external/anongit.freedesktop.org/git/wayland/wayland.git" "/home/nate/Oxy/Astro/chromium/src/third_party/wayland/_gclient_src_0ur_shw4"' in /home/nate/Oxy/Astro/chromium failed; will retry after a short nap...
196>WARNING: subprocess '"git" "-c" "core.deltaBaseCacheLimit=2g" "clone" "--no-checkout" "--progress" "https://chromium.googlesource.com/external/github.com/gpuweb/cts.git" "/home/nate/Oxy/Astro/chromium/src/third_party/webgpu-cts/_gclient_src_d07pheuf"' in /home/nate/Oxy/Astro/chromium failed; will retry after a short nap...
169>WARNING: subprocess '"git" "-c" "core.deltaBaseCacheLimit=2g" "fetch" "origin" "--prune" "--no-tags"' in /home/nate/Oxy/Astro/chromium/src/third_party/spirv-cross/src failed; will retry after a short nap...
193>WARNING: subprocess '"git" "-c" "core.deltaBaseCacheLimit=2g" "clone" "--no-checkout" "--progress" "https://chromium.googlesource.com/external/anongit.freedesktop.org/git/wayland/wayland.git" "/home/nate/Oxy/Astro/chromium/src/third_party/wayland/_gclient_src_0ur_shw4"' in /home/nate/Oxy/Astro/chromium failed; will retry after a short nap...
196>WARNING: subprocess '"git" "-c" "core.deltaBaseCacheLimit=2g" "clone" "--no-checkout" "--progress" "https://chromium.googlesource.com/external/github.com/gpuweb/cts.git" "/home/nate/Oxy/Astro/chromium/src/third_party/webgpu-cts/_gclient_src_d07pheuf"' in /home/nate/Oxy/Astro/chromium failed; will retry after a short nap...
169>WARNING: subprocess '"git" "-c" "core.deltaBaseCacheLimit=2g" "fetch" "origin" "--prune" "--no-tags"' in /home/nate/Oxy/Astro/chromium/src/third_party/spirv-cross/src failed; will retry after a short nap...
200>WARNING: subprocess '"git" "-c" "core.deltaBaseCacheLimit=2g" "clone" "--no-checkout" "--progress" "https://skia.googlesource.com/external/github.com/google/wuffs-mirror-release-c.git" "/home/nate/Oxy/Astro/chromium/src/third_party/wuffs/_gclient_src_zivkq7rk"' in /home/nate/Oxy/Astro/chromium failed; will retry after a short nap...
201>WARNING: subprocess '"git" "-c" "core.deltaBaseCacheLimit=2g" "clone" "--no-checkout" "--progress" "https://chromium.googlesource.com/external/github.com/google/XNNPACK.git" "/home/nate/Oxy/Astro/chromium/src/third_party/xnnpack/_gclient_src_vedgwbhf"' in /home/nate/Oxy/Astro/chromium failed; will retry after a short nap...
201>WARNING: subprocess '"git" "-c" "core.deltaBaseCacheLimit=2g" "clone" "--no-checkout" "--progress" "https://chromium.googlesource.com/external/github.com/google/XNNPACK.git" "/home/nate/Oxy/Astro/chromium/src/third_party/xnnpack/_gclient_src_vedgwbhf"' in /home/nate/Oxy/Astro/chromium failed; will retry after a short nap...
169>WARNING: subprocess '"git" "-c" "core.deltaBaseCacheLimit=2g" "clone" "--no-checkout" "--progress" "https://chromium.googlesource.com/external/github.com/KhronosGroup/SPIRV-Cross" "/home/nate/Oxy/Astro/chromium/src/third_party/spirv-cross/_gclient_src_kznnk67v"' in /home/nate/Oxy/Astro/chromium failed; will retry after a short nap...
200>WARNING: subprocess '"git" "-c" "core.deltaBaseCacheLimit=2g" "fetch" "origin" "--prune" "--no-tags"' in /home/nate/Oxy/Astro/chromium/src/third_party/wuffs/src failed; will retry after a short nap...
189>WARNING: subprocess '"git" "-c" "core.deltaBaseCacheLimit=2g" "fetch" "origin" "--prune" "--no-tags"' in /home/nate/Oxy/Astro/chromium/src/third_party/vulkan_memory_allocator failed; will retry after a short nap...
201>WARNING: subprocess '"git" "-c" "core.deltaBaseCacheLimit=2g" "clone" "--no-checkout" "--progress" "https://chromium.googlesource.com/external/github.com/google/XNNPACK.git" "/home/nate/Oxy/Astro/chromium/src/third_party/xnnpack/_gclient_src_8g6hom5p"' in /home/nate/Oxy/Astro/chromium failed; will retry after a short nap...
186>WARNING: subprocess '"git" "-c" "core.deltaBaseCacheLimit=2g" "fetch" "origin" "--prune" "--no-tags"' in /home/nate/Oxy/Astro/chromium/src/third_party/vulkan-tools/src failed; will retry after a short nap...
186>WARNING: subprocess '"git" "-c" "core.deltaBaseCacheLimit=2g" "fetch" "origin" "--prune" "--no-tags"' in /home/nate/Oxy/Astro/chromium/src/third_party/vulkan-tools/src failed; will retry after a short nap...
168>WARNING: subprocess '"git" "-c" "core.deltaBaseCacheLimit=2g" "fetch" "origin" "--prune" "--no-tags"' in /home/nate/Oxy/Astro/chromium/src/third_party/speedometer/main failed; will retry after a short nap...
154>WARNING: subprocess '"git" "-c" "core.deltaBaseCacheLimit=2g" "fetch" "origin" "--prune" "--no-tags"' in /home/nate/Oxy/Astro/chromium/src/third_party/pyelftools failed; will retry after a short nap...
168>WARNING: subprocess '"git" "-c" "core.deltaBaseCacheLimit=2g" "fetch" "origin" "--prune" "--no-tags"' in /home/nate/Oxy/Astro/chromium/src/third_party/speedometer/main failed; will retry after a short nap...
169>WARNING: subprocess '"git" "-c" "core.deltaBaseCacheLimit=2g" "fetch" "origin" "--prune" "--no-tags"' in /home/nate/Oxy/Astro/chromium/src/third_party/spirv-cross/src failed; will retry after a short nap...
168>WARNING: subprocess '"git" "-c" "core.deltaBaseCacheLimit=2g" "clone" "--no-checkout" "--progress" "https://chromium.googlesource.com/external/github.com/WebKit/Speedometer.git" "/home/nate/Oxy/Astro/chromium/src/third_party/speedometer/_gclient_main_zih_qgcq"' in /home/nate/Oxy/Astro/chromium failed; will retry after a short nap...
185>WARNING: subprocess '"git" "-c" "core.deltaBaseCacheLimit=2g" "fetch" "origin" "--prune" "--no-tags"' in /home/nate/Oxy/Astro/chromium/src/third_party/vulkan-loader/src failed; will retry after a short nap...
186>WARNING: subprocess '"git" "-c" "core.deltaBaseCacheLimit=2g" "fetch" "origin" "--prune" "--no-tags"' in /home/nate/Oxy/Astro/chromium/src/third_party/vulkan-tools/src failed; will retry after a short nap...
184>WARNING: subprocess '"git" "-c" "core.deltaBaseCacheLimit=2g" "fetch" "origin" "--prune" "--no-tags"' in /home/nate/Oxy/Astro/chromium/src/third_party/vulkan-headers/src failed; will retry after a short nap...
169>WARNING: subprocess '"git" "-c" "core.deltaBaseCacheLimit=2g" "fetch" "origin" "--prune" "--no-tags"' in /home/nate/Oxy/Astro/chromium/src/third_party/spirv-cross/src failed; will retry after a short nap...
138>WARNING: subprocess '"git" "-c" "core.deltaBaseCacheLimit=2g" "fetch" "origin" "--prune" "--no-tags"' in /home/nate/Oxy/Astro/chromium/src/third_party/nearby/src failed; will retry after a short nap...
138>WARNING: subprocess '"git" "-c" "core.deltaBaseCacheLimit=2g" "fetch" "origin" "--prune" "--no-tags"' in /home/nate/Oxy/Astro/chromium/src/third_party/nearby/src failed; will retry after a short nap...
138>WARNING: subprocess '"git" "-c" "core.deltaBaseCacheLimit=2g" "clone" "--no-checkout" "--progress" "https://chromium.googlesource.com/external/github.com/google/nearby-connections.git" "/home/nate/Oxy/Astro/chromium/src/third_party/nearby/_gclient_src_wd52n5wd"' in /home/nate/Oxy/Astro/chromium failed; will retry after a short nap...
138>WARNING: subprocess '"git" "-c" "core.deltaBaseCacheLimit=2g" "clone" "--no-checkout" "--progress" "https://chromium.googlesource.com/external/github.com/google/nearby-connections.git" "/home/nate/Oxy/Astro/chromium/src/third_party/nearby/_gclient_src_wd52n5wd"' in /home/nate/Oxy/Astro/chromium failed; will retry after a short nap...
147>WARNING: subprocess '"git" "-c" "core.deltaBaseCacheLimit=2g" "fetch" "origin" "--prune" "--no-tags"' in /home/nate/Oxy/Astro/chromium/src/third_party/openscreen/src failed; will retry after a short nap...
145>WARNING: subprocess '"git" "-c" "core.deltaBaseCacheLimit=2g" "fetch" "origin" "--prune" "--no-tags"' in /home/nate/Oxy/Astro/chromium/src/third_party/oak/src failed; will retry after a short nap...

src/third_party/wayland/src (ERROR)
----------------------------------------
[0:00:14] Started.
[0:00:14] 

________ running 'git -c core.deltaBaseCacheLimit=2g clone --no-checkout --progress https://chromium.googlesource.com/external/anongit.freedesktop.org/git/wayland/wayland.git /home/nate/Oxy/Astro/chromium/src/third_party/wayland/_gclient_src_jadnx74o' in '/home/nate/Oxy/Astro/chromium'

[0:00:14] Cloning into '/home/nate/Oxy/Astro/chromium/src/third_party/wayland/_gclient_src_jadnx74o'...
[0:00:14] error: RPC failed; HTTP 429 curl 22 The requested URL returned error: 429
[0:00:14] fatal: expected 'packfile'
[0:00:16] 
________ running 'git -c core.deltaBaseCacheLimit=2g clone --no-checkout --progress https://chromium.googlesource.com/external/anongit.freedesktop.org/git/wayland/wayland.git /home/nate/Oxy/Astro/chromium/src/third_party/wayland/_gclient_src_jadnx74o' in '/home/nate/Oxy/Astro/chromium' attempt 2 / 2

[0:00:16] Cloning into '/home/nate/Oxy/Astro/chromium/src/third_party/wayland/_gclient_src_jadnx74o'...
[0:00:17] remote: RESOURCE_EXHAUSTED: Resource has been exhausted (e.g. check quota)
[0:00:17] remote: [type.googleapis.com/google.rpc.QuotaFailure]
[0:00:17] remote: violations {
[0:00:17] remote:   subject: "ip/2a02:2f00:6306:d100:27cf:7480:a678:ad9f"
[0:00:17] remote:   description: "Short term server-time rate limit exceeded"
[0:00:17] remote: }
[0:00:17] remote: 
[0:00:17] remote: [type.googleapis.com/google.rpc.RequestInfo]
[0:00:17] remote: request_id: "850bd93552b34321a23035d91b1af5e3"
[0:00:17] fatal: unable to access 'https://chromium.googlesource.com/external/anongit.freedesktop.org/git/wayland/wayland.git/': The requested URL returned error: 429
Traceback (most recent call last):
  File "/home/nate/Oxy/Astro/depot_tools/gclient_scm.py", line 1431, in _Clone
    self._Run(clone_cmd,
  File "/home/nate/Oxy/Astro/depot_tools/gclient_scm.py", line 1778, in _Run
    gclient_utils.CheckCallAndFilter(cmd, env=env, **kwargs)
  File "/home/nate/Oxy/Astro/depot_tools/gclient_utils.py", line 733, in CheckCallAndFilter
    raise subprocess2.CalledProcessError(rv, args, kwargs.get('cwd', None),
subprocess2.CalledProcessError: Command 'git -c core.deltaBaseCacheLimit=2g clone --no-checkout --progress https://chromium.googlesource.com/external/anongit.freedesktop.org/git/wayland/wayland.git /home/nate/Oxy/Astro/chromium/src/third_party/wayland/_gclient_src_jadnx74o' returned non-zero exit status 128 in /home/nate/Oxy/Astro/chromium
[0:00:21] _____ Conflicting directory found in /home/nate/Oxy/Astro/chromium/src/third_party/wayland/src. Moving to /home/nate/Oxy/Astro/chromium/_bad_scm/src/third_party/wayland/srce81byuc8.
[0:00:21] 
[0:00:21] 
________ running 'git -c core.deltaBaseCacheLimit=2g clone --no-checkout --progress https://chromium.googlesource.com/external/anongit.freedesktop.org/git/wayland/wayland.git /home/nate/Oxy/Astro/chromium/src/third_party/wayland/_gclient_src_0ur_shw4' in '/home/nate/Oxy/Astro/chromium'

[0:00:21] Cloning into '/home/nate/Oxy/Astro/chromium/src/third_party/wayland/_gclient_src_0ur_shw4'...
[0:00:22] remote: RESOURCE_EXHAUSTED: Resource has been exhausted (e.g. check quota)
[0:00:22] remote: [type.googleapis.com/google.rpc.QuotaFailure]
[0:00:22] remote: violations {
[0:00:22] remote:   subject: "ip/2a02:2f00:6306:d100:27cf:7480:a678:ad9f"
[0:00:22] remote:   description: "Short term server-time rate limit exceeded"
[0:00:22] remote: }
[0:00:22] remote: 
[0:00:22] remote: [type.googleapis.com/google.rpc.RequestInfo]
[0:00:22] remote: request_id: "6b95eb1c9e574360bef4818c37df8e47"
[0:00:22] fatal: unable to access 'https://chromium.googlesource.com/external/anongit.freedesktop.org/git/wayland/wayland.git/': The requested URL returned error: 429
[0:00:24] 
________ running 'git -c core.deltaBaseCacheLimit=2g clone --no-checkout --progress https://chromium.googlesource.com/external/anongit.freedesktop.org/git/wayland/wayland.git /home/nate/Oxy/Astro/chromium/src/third_party/wayland/_gclient_src_0ur_shw4' in '/home/nate/Oxy/Astro/chromium' attempt 2 / 2

[0:00:24] Cloning into '/home/nate/Oxy/Astro/chromium/src/third_party/wayland/_gclient_src_0ur_shw4'...
[0:00:24] remote: RESOURCE_EXHAUSTED: Resource has been exhausted (e.g. check quota)
[0:00:24] remote: [type.googleapis.com/google.rpc.QuotaFailure]
[0:00:24] remote: violations {
[0:00:24] remote:   subject: "ip/2a02:2f00:6306:d100:27cf:7480:a678:ad9f"
[0:00:24] remote:   description: "Short term server-time rate limit exceeded"
[0:00:24] remote: }
[0:00:24] remote: 
[0:00:24] remote: [type.googleapis.com/google.rpc.RequestInfo]
[0:00:24] remote: request_id: "93224cb295f74b43af6450a0d5c2e3c0"
[0:00:24] fatal: unable to access 'https://chromium.googlesource.com/external/anongit.freedesktop.org/git/wayland/wayland.git/': The requested URL returned error: 429
Traceback (most recent call last):
  File "/home/nate/Oxy/Astro/depot_tools/gclient_scm.py", line 856, in update
    self.current_revision = self._Clone(revision, url, options)
                            ^^^^^^^^^^^^^^^^^^^^^^^^^^^^^^^^^^^
  File "/home/nate/Oxy/Astro/depot_tools/gclient_scm.py", line 1431, in _Clone
    self._Run(clone_cmd,
  File "/home/nate/Oxy/Astro/depot_tools/gclient_scm.py", line 1778, in _Run
    gclient_utils.CheckCallAndFilter(cmd, env=env, **kwargs)
  File "/home/nate/Oxy/Astro/depot_tools/gclient_utils.py", line 733, in CheckCallAndFilter
    raise subprocess2.CalledProcessError(rv, args, kwargs.get('cwd', None),
subprocess2.CalledProcessError: Command 'git -c core.deltaBaseCacheLimit=2g clone --no-checkout --progress https://chromium.googlesource.com/external/anongit.freedesktop.org/git/wayland/wayland.git /home/nate/Oxy/Astro/chromium/src/third_party/wayland/_gclient_src_jadnx74o' returned non-zero exit status 128 in /home/nate/Oxy/Astro/chromium

During handling of the above exception, another exception occurred:

Traceback (most recent call last):
  File "/home/nate/Oxy/Astro/depot_tools/gclient_scm.py", line 1431, in _Clone
    self._Run(clone_cmd,
  File "/home/nate/Oxy/Astro/depot_tools/gclient_scm.py", line 1778, in _Run
    gclient_utils.CheckCallAndFilter(cmd, env=env, **kwargs)
  File "/home/nate/Oxy/Astro/depot_tools/gclient_utils.py", line 733, in CheckCallAndFilter
    raise subprocess2.CalledProcessError(rv, args, kwargs.get('cwd', None),
subprocess2.CalledProcessError: Command 'git -c core.deltaBaseCacheLimit=2g clone --no-checkout --progress https://chromium.googlesource.com/external/anongit.freedesktop.org/git/wayland/wayland.git /home/nate/Oxy/Astro/chromium/src/third_party/wayland/_gclient_src_0ur_shw4' returned non-zero exit status 128 in /home/nate/Oxy/Astro/chromium
----------------------------------------
Error: Command 'git -c core.deltaBaseCacheLimit=2g clone --no-checkout --progress https://chromium.googlesource.com/external/anongit.freedesktop.org/git/wayland/wayland.git /home/nate/Oxy/Astro/chromium/src/third_party/wayland/_gclient_src_0ur_shw4' returned non-zero exit status 128 in /home/nate/Oxy/Astro/chromium


Warnings:
Conflicting directory /home/nate/Oxy/Astro/chromium/src/third_party/spirv-headers/src moved to /home/nate/Oxy/Astro/chromium/_bad_scm/src/third_party/spirv-headers/src6fukckwc.
Conflicting directory /home/nate/Oxy/Astro/chromium/src/third_party/wayland/src moved to /home/nate/Oxy/Astro/chromium/_bad_scm/src/third_party/wayland/srce81byuc8.
Conflicting directory /home/nate/Oxy/Astro/chromium/src/third_party/webgpu-cts/src moved to /home/nate/Oxy/Astro/chromium/_bad_scm/src/third_party/webgpu-cts/srcb6thqmfp.
Conflicting directory /home/nate/Oxy/Astro/chromium/src/third_party/spirv-cross/src moved to /home/nate/Oxy/Astro/chromium/_bad_scm/src/third_party/spirv-cross/src5m6bsngb.
Conflicting directory /home/nate/Oxy/Astro/chromium/src/third_party/xnnpack/src moved to /home/nate/Oxy/Astro/chromium/_bad_scm/src/third_party/xnnpack/srcunic375y.
Conflicting directory /home/nate/Oxy/Astro/chromium/src/third_party/vulkan-tools/src moved to /home/nate/Oxy/Astro/chromium/_bad_scm/src/third_party/vulkan-tools/srclsug9c4w.
Conflicting directory /home/nate/Oxy/Astro/chromium/src/third_party/speedometer/main moved to /home/nate/Oxy/Astro/chromium/_bad_scm/src/third_party/speedometer/mainzu96derl.
Conflicting directory /home/nate/Oxy/Astro/chromium/src/third_party/nearby/src moved to /home/nate/Oxy/Astro/chromium/_bad_scm/src/third_party/nearby/srcgwqrz6eo.
